<?xml version="1.0" encoding="UTF-8"?>
<testsuite name="Registro de proveedor en ReserveHub" tests="2" skipped="0" failures="0" errors="0" timestamp="2026-06-10T15:59:11.830Z" hostname="COMPUJUANJO" time="7.912">
  <properties/>
  <testcase name="Registrar un proveedor exitosamente usando un codigo generado por el administrador" classname="Registro de proveedor en ReserveHub" time="1.629"/>
  <testcase name="Registrar un proveedor exitosamente usando un codigo generado por el administrador" classname="Registro de proveedor en ReserveHub" time="1.488"/>
  <system-out><![CDATA[
Scenario: Registrar un proveedor exitosamente usando un codigo generado por el administrador ?[90m# src/test/resources/features/providerregister.feature:3?[0m
  ?[32mGiven ?[0m?[32mque el administrador inicio sesion con credenciales validas?[0m                          ?[90m# co.com.udea.reservehub.reservehub.stepdefinitions.ProviderRegisterStepDefinition.theAdminIsLoggedInWithValidCredentials()?[0m
  ?[32mWhen ?[0m?[32mel administrador genera un codigo de proveedor para el registro?[0m                       ?[90m# co.com.udea.reservehub.reservehub.stepdefinitions.ProviderRegisterStepDefinition.theAdminGeneratesAProviderCodeForRegistration()?[0m
  ?[32mAnd ?[0m?[32mel proveedor completa el registro con datos validos?[0m                                    ?[90m# co.com.udea.reservehub.reservehub.stepdefinitions.ProviderRegisterStepDefinition.theProviderCompletesTheRegistrationWithValidData()?[0m
  ?[32mThen ?[0m?[32mel estado del registro del proveedor debe ser ?[0m?[32m?[1m200?[0m                                     ?[90m# co.com.udea.reservehub.reservehub.stepdefinitions.ProviderRegisterStepDefinition.theProviderRegistrationStatusShouldBe(java.lang.Integer)?[0m
  ?[32mAnd ?[0m?[32mla respuesta contiene el correo del proveedor registrado?[0m                               ?[90m# co.com.udea.reservehub.reservehub.stepdefinitions.ProviderRegisterStepDefinition.theResponseContainsTheRegisteredProviderEmail()?[0m
  ?[32mAnd ?[0m?[32mel proveedor registrado tiene un id asignado?[0m                                           ?[90m# co.com.udea.reservehub.reservehub.stepdefinitions.ProviderRegisterStepDefinition.theRegisteredProviderHasAnAssignedId()?[0m
]]></system-out>
  <system-err><![CDATA[[Test worker] INFO  - 
  _____   ___   ___   _____     ___   _____     _     ___   _____   ___   ___  
 |_   _| | __| / __| |_   _|   / __| |_   _|   /_\   | _ \ |_   _| | __| |   \ 
   | |   | _|  \__ \   | |     \__ \   | |    / _ \  |   /   | |   | _|  | |) |
   |_|   |___| |___/   |_|     |___/   |_|   /_/ \_\ |_|_\   |_|   |___| |___/ 

Registrar un proveedor exitosamente usando un codigo generado por el administrador(registro-de-proveedor-en-reservehub;registrar-un-proveedor-exitosamente-usando-un-codigo-generado-por-el-administrador)
--------------------------------------------------------------------------------
[Test worker] INFO  - 
  _____   ___   ___   _____     ___     _     ___   ___   ___   ___  
 |_   _| | __| / __| |_   _|   | _ \   /_\   / __| / __| | __| |   \ 
   | |   | _|  \__ \   | |     |  _/  / _ \  \__ \ \__ \ | _|  | |) |
   |_|   |___| |___/   |_|     |_|   /_/ \_\ |___/ |___/ |___| |___/ 

Registrar un proveedor exitosamente usando un codigo generado por el administrador
----------------------------------------------------------------------
[Test worker] INFO  - 
  _____   ___   ___   _____     ___   _____     _     ___   _____   ___   ___  
 |_   _| | __| / __| |_   _|   / __| |_   _|   /_\   | _ \ |_   _| | __| |   \ 
   | |   | _|  \__ \   | |     \__ \   | |    / _ \  |   /   | |   | _|  | |) |
   |_|   |___| |___/   |_|     |___/   |_|   /_/ \_\ |_|_\   |_|   |___| |___/ 

Registrar un proveedor exitosamente usando un codigo generado por el administrador(registro-de-proveedor-en-reservehub;registrar-un-proveedor-exitosamente-usando-un-codigo-generado-por-el-administrador)
--------------------------------------------------------------------------------
[Test worker] INFO  - 
  _____   ___   ___   _____     ___     _     ___   ___   ___   ___  
 |_   _| | __| / __| |_   _|   | _ \   /_\   / __| / __| | __| |   \ 
   | |   | _|  \__ \   | |     |  _/  / _ \  \__ \ \__ \ | _|  | |) |
   |_|   |___| |___/   |_|     |_|   /_/ \_\ |___/ |___/ |___| |___/ 

Registrar un proveedor exitosamente usando un codigo generado por el administrador
----------------------------------------------------------------------
]]></system-err>
</testsuite>
