<?xml version="1.0" encoding="UTF-8"?>
<testsuite name="Provider registration in ReserveHub" tests="1" skipped="0" failures="0" errors="0" timestamp="2026-06-10T02:35:02.056Z" hostname="PC-DE-JUAN" time="1.264">
  <properties/>
  <testcase name="Register a provider successfully using an admin-generated code" classname="Provider registration in ReserveHub" time="1.264"/>
  <system-out><![CDATA[]]></system-out>
  <system-err><![CDATA[[Test worker] INFO  - 
  _____   ___   ___   _____     ___   _____     _     ___   _____   ___   ___  
 |_   _| | __| / __| |_   _|   / __| |_   _|   /_\   | _ \ |_   _| | __| |   \ 
   | |   | _|  \__ \   | |     \__ \   | |    / _ \  |   /   | |   | _|  | |) |
   |_|   |___| |___/   |_|     |___/   |_|   /_/ \_\ |_|_\   |_|   |___| |___/ 

Register a provider successfully using an admin-generated code(provider-registration-in-reservehub;register-a-provider-successfully-using-an-admin-generated-code)
--------------------------------------------------------------------------------
[Test worker] INFO  - 
  _____   ___   ___   _____     ___     _     ___   ___   ___   ___  
 |_   _| | __| / __| |_   _|   | _ \   /_\   / __| / __| | __| |   \ 
   | |   | _|  \__ \   | |     |  _/  / _ \  \__ \ \__ \ | _|  | |) |
   |_|   |___| |___/   |_|     |_|   /_/ \_\ |___/ |___/ |___| |___/ 

Register a provider successfully using an admin-generated code
----------------------------------------------------------------------
]]></system-err>
</testsuite>
