<?xml version="1.0" encoding="UTF-8"?>
<testsuite name="Provider codes management in ReserveHub" tests="1" skipped="0" failures="0" errors="0" timestamp="2026-05-30T04:27:25.197Z" hostname="PC-DE-JUAN" time="3.596">
  <properties/>
  <testcase name="Generate a provider code successfully" classname="Provider codes management in ReserveHub" time="3.596"/>
  <system-out><![CDATA[
Scenario Outline: Generate a provider code successfully              ?[90m# src/test/resources/features/providerCode.feature:12?[0m
  ?[32mWhen ?[0m?[32mthe admin logs in with ?[0m?[32m?[1m"juan.admin@correo.com"?[0m?[32m and ?[0m?[32m?[1m"password"?[0m ?[90m# co.com.udea.reservehub.reservehub.stepdefinitions.ProviderCodeStepDefinition.the_admin_logs_in_with_and(java.lang.String,java.lang.String)?[0m
  ?[32mAnd ?[0m?[32mthe admin generates a provider code?[0m                            ?[90m# co.com.udea.reservehub.reservehub.stepdefinitions.ProviderCodeStepDefinition.the_admin_generates_a_provider_code()?[0m
  ?[32mThen ?[0m?[32mthe response status should be ?[0m?[32m?[1m200?[0m                             ?[90m# co.com.udea.reservehub.reservehub.stepdefinitions.ProviderCodeStepDefinition.the_response_status_should_be(java.lang.Integer)?[0m
  ?[32mAnd ?[0m?[32mthe response contains a code value starting with ?[0m?[32m?[1m"PROV-"?[0m       ?[90m# co.com.udea.reservehub.reservehub.stepdefinitions.ProviderCodeStepDefinition.the_response_contains_a_code_value_starting_with(java.lang.String)?[0m
  ?[32mAnd ?[0m?[32mthe response indicates the code is active and not used?[0m         ?[90m# co.com.udea.reservehub.reservehub.stepdefinitions.ProviderCodeStepDefinition.the_response_indicates_the_code_is_active_and_not_used()?[0m
]]></system-out>
  <system-err><![CDATA[[Test worker] INFO  - 
  _____   ___   ___   _____     ___   _____     _     ___   _____   ___   ___  
 |_   _| | __| / __| |_   _|   / __| |_   _|   /_\   | _ \ |_   _| | __| |   \ 
   | |   | _|  \__ \   | |     \__ \   | |    / _ \  |   /   | |   | _|  | |) |
   |_|   |___| |___/   |_|     |___/   |_|   /_/ \_\ |_|_\   |_|   |___| |___/ 

Generate a provider code successfully(provider-codes-management-in-reservehub;generate-a-provider-code-successfully)
--------------------------------------------------------------------------------
[Test worker] INFO  - 
  _____   ___   ___   _____     ___     _     ___   ___   ___   ___  
 |_   _| | __| / __| |_   _|   | _ \   /_\   / __| / __| | __| |   \ 
   | |   | _|  \__ \   | |     |  _/  / _ \  \__ \ \__ \ | _|  | |) |
   |_|   |___| |___/   |_|     |_|   /_/ \_\ |___/ |___/ |___| |___/ 

Generate a provider code successfully
----------------------------------------------------------------------
]]></system-err>
</testsuite>
