<?xml version="1.0" encoding="UTF-8"?>
<testsuite name="Provider codes management in ReserveHub" tests="1" skipped="0" failures="0" errors="0" timestamp="2026-06-10T02:35:01.337Z" hostname="PC-DE-JUAN" time="0.714">
  <properties/>
  <testcase name="Generate a provider code successfully" classname="Provider codes management in ReserveHub" time="0.714"/>
  <system-out><![CDATA[]]></system-out>
  <system-err><![CDATA[[Test worker] INFO  - 
  _____   ___   ___   _____     ___   _____     _     ___   _____   ___   ___  
 |_   _| | __| / __| |_   _|   / __| |_   _|   /_\   | _ \ |_   _| | __| |   \ 
   | |   | _|  \__ \   | |     \__ \   | |    / _ \  |   /   | |   | _|  | |) |
   |_|   |___| |___/   |_|     |___/   |_|   /_/ \_\ |_|_\   |_|   |___| |___/ 

Generate a provider code successfully(provider-codes-management-in-reservehub;generate-a-provider-code-successfully)
--------------------------------------------------------------------------------
[Test worker] INFO  - 
  _____   ___   ___   _____     ___     _     ___   ___   ___   ___  
 |_   _| | __| / __| |_   _|   | _ \   /_\   / __| / __| | __| |   \ 
   | |   | _|  \__ \   | |     |  _/  / _ \  \__ \ \__ \ | _|  | |) |
   |_|   |___| |___/   |_|     |_|   /_/ \_\ |___/ |___/ |___| |___/ 

Generate a provider code successfully
----------------------------------------------------------------------
]]></system-err>
</testsuite>
