<?xml version="1.0" encoding="UTF-8"?>
<testsuite name="co.com.udea.reservehub.reservehub.runners.Runner" tests="0" skipped="0" failures="0" errors="0" timestamp="1970-01-01T00:00:00Z" hostname="COMPUJUANJO" time="0.0">
  <properties/>
  <system-out><![CDATA[]]></system-out>
  <system-err><![CDATA[[Test worker] INFO  - Test Suite Started: Acceso de cliente en ReserveHub
[Test worker] INFO  - Test Suite Started: Provider codes management in ReserveHub
[Test worker] INFO  - Test Suite Started: Provider registration in ReserveHub
[Test worker] INFO  - Test Suite Started: Acceso de cliente en ReserveHub
[Test worker] INFO  - Test Suite Started: Provider codes management in ReserveHub
[Test worker] INFO  - Test Suite Started: Provider registration in ReserveHub
]]></system-err>
</testsuite>
